<?xml version="1.0" encoding="UTF-8" ?>
<testsuite tests="51" failures="0" name="asos.StepDefinitions.runTests" time="0.014" errors="0" skipped="0">
  <properties>
[...]
</properties>
  <testcase classname="Scenario: Search for t shirts" name="Given I want to order a shirt" time="0.003"/>
  <testcase classname="Scenario: Search for t shirts" name="When I search for &apos;Purple T-Shirt&apos;" time="0"/>
  <testcase classname="Scenario: Search for t shirts" name="Then I should see some &apos;Purple T-Shirt&apos;" time="0"/>
  <testcase classname="Scenario: Search for t shirts" name="Scenario: Search for t shirts" time="0.002"/>
  <testcase classname="Scenario: Search for t shirts in Australian store" name="Given I want to order a shirt" time="0"/>
  <testcase classname="Scenario: Search for t shirts in Australian store" name="When I search for &apos;Yellow T-Shirt&apos; in the Australian store" time="0"/>
  <testcase classname="Scenario: Search for t shirts in Australian store" name="Then I should see some &apos;Yellow T-Shirt&apos;" time="0"/>
  <testcase classname="Scenario: Search for t shirts in Australian store" name="Scenario: Search for t shirts in Australian store" time="0.001"/>
  <testcase classname="Scenario: Display search results in 4 columns" name="Given I have searched for &apos;Yellow T-Shirt&apos; on the Australian store" time="0"/>
  <testcase classname="Scenario: Display search results in 4 columns" name="And I have some &apos;Yellow T-Shirt&apos; displayed" time="0"/>
  <testcase classname="Scenario: Display search results in 4 columns" name="When I organize them in 4 columns" time="0"/>
  <testcase classname="Scenario: Display search results in 4 columns" name="Then I should see some &apos;Yellow T-Shirt&apos; organized in 4 columns" time="0"/>
  <testcase classname="Scenario: Display search results in 4 columns" name="Scenario: Display search results in 4 columns" time="0.001"/>
  <testcase classname="| MEN | S | GREEN | MEN-S-GREEN |" name="Given I have searched for &apos;Yellow T-Shirt&apos; on the Australian store" time="0"/>
  <testcase classname="| MEN | S | GREEN | MEN-S-GREEN |" name="And I have some &apos;Yellow T-Shirt&apos; displayed" time="0"/>
  <testcase classname="| MEN | S | GREEN | MEN-S-GREEN |" name="When I refine my search by gender:&apos;MEN&apos; size:&apos;S&apos; and colour:&apos;GREEN&apos;" time="0"/>
  <testcase classname="| MEN | S | GREEN | MEN-S-GREEN |" name="Then I should see the expected result:&apos;MEN-S-GREEN&apos;" time="0"/>
  <testcase classname="| MEN | S | GREEN | MEN-S-GREEN |" name="| MEN | S | GREEN | MEN-S-GREEN |" time="0.001"/>
  <testcase classname="| MEN | M | MULTI | MEN-M-MULTI |" name="Given I have searched for &apos;Yellow T-Shirt&apos; on the Australian store" time="0"/>
  <testcase classname="| MEN | M | MULTI | MEN-M-MULTI |" name="And I have some &apos;Yellow T-Shirt&apos; displayed" time="0"/>
  <testcase classname="| MEN | M | MULTI | MEN-M-MULTI |" name="When I refine my search by gender:&apos;MEN&apos; size:&apos;M&apos; and colour:&apos;MULTI&apos;" time="0"/>
  <testcase classname="| MEN | M | MULTI | MEN-M-MULTI |" name="Then I should see the expected result:&apos;MEN-M-MULTI&apos;" time="0"/>
  <testcase classname="| MEN | M | MULTI | MEN-M-MULTI |" name="| MEN | M | MULTI | MEN-M-MULTI |" time="0.001"/>
  <testcase classname="| MEN | L | YELLOW | MEN-L-YELLOW |" name="Given I have searched for &apos;Yellow T-Shirt&apos; on the Australian store" time="0"/>
  <testcase classname="| MEN | L | YELLOW | MEN-L-YELLOW |" name="And I have some &apos;Yellow T-Shirt&apos; displayed" time="0"/>
  <testcase classname="| MEN | L | YELLOW | MEN-L-YELLOW |" name="When I refine my search by gender:&apos;MEN&apos; size:&apos;L&apos; and colour:&apos;YELLOW&apos;" time="0"/>
  <testcase classname="| MEN | L | YELLOW | MEN-L-YELLOW |" name="Then I should see the expected result:&apos;MEN-L-YELLOW&apos;" time="0"/>
  <testcase classname="| MEN | L | YELLOW | MEN-L-YELLOW |" name="| MEN | L | YELLOW | MEN-L-YELLOW |" time="0"/>
  <testcase classname="| WOMEN | AU4 | YELLOW | WOMEN-AU4-YELLOW |" name="Given I have searched for &apos;Yellow T-Shirt&apos; on the Australian store" time="0"/>
  <testcase classname="| WOMEN | AU4 | YELLOW | WOMEN-AU4-YELLOW |" name="And I have some &apos;Yellow T-Shirt&apos; displayed" time="0"/>
  <testcase classname="| WOMEN | AU4 | YELLOW | WOMEN-AU4-YELLOW |" name="When I refine my search by gender:&apos;WOMEN&apos; size:&apos;AU4&apos; and colour:&apos;YELLOW&apos;" time="0"/>
  <testcase classname="| WOMEN | AU4 | YELLOW | WOMEN-AU4-YELLOW |" name="Then I should see the expected result:&apos;WOMEN-AU4-YELLOW&apos;" time="0"/>
  <testcase classname="| WOMEN | AU4 | YELLOW | WOMEN-AU4-YELLOW |" name="| WOMEN | AU4 | YELLOW | WOMEN-AU4-YELLOW |" time="0.001"/>
  <testcase classname="| WOMEN | AU18 | YELLOW | WOMEN-AU18-YELLOW |" name="Given I have searched for &apos;Yellow T-Shirt&apos; on the Australian store" time="0"/>
  <testcase classname="| WOMEN | AU18 | YELLOW | WOMEN-AU18-YELLOW |" name="And I have some &apos;Yellow T-Shirt&apos; displayed" time="0"/>
  <testcase classname="| WOMEN | AU18 | YELLOW | WOMEN-AU18-YELLOW |" name="When I refine my search by gender:&apos;WOMEN&apos; size:&apos;AU18&apos; and colour:&apos;YELLOW&apos;" time="0"/>
  <testcase classname="| WOMEN | AU18 | YELLOW | WOMEN-AU18-YELLOW |" name="Then I should see the expected result:&apos;WOMEN-AU18-YELLOW&apos;" time="0"/>
  <testcase classname="| WOMEN | AU18 | YELLOW | WOMEN-AU18-YELLOW |" name="| WOMEN | AU18 | YELLOW | WOMEN-AU18-YELLOW |" time="0.002"/>
  <testcase classname="Scenario: Display prices in NZ dollars in the Australian Store" name="Given I have searched for &apos;Yellow T-Shirt&apos; on the Australian store" time="0"/>
  <testcase classname="Scenario: Display prices in NZ dollars in the Australian Store" name="And I have some &apos;Yellow T-Shirt&apos; displayed" time="0"/>
  <testcase classname="Scenario: Display prices in NZ dollars in the Australian Store" name="When I click to change the currency to NZ dollars" time="0"/>
  <testcase classname="Scenario: Display prices in NZ dollars in the Australian Store" name="Then I should see the prices in NZ dollars" time="0"/>
  <testcase classname="Scenario: Display prices in NZ dollars in the Australian Store" name="Scenario: Display prices in NZ dollars in the Australian Store" time="0.001"/>
  <testcase classname="Scenario: Save an item for later" name="Given I have searched for &apos;Yellow T-Shirt&apos; on the Australian store" time="0"/>
  <testcase classname="Scenario: Save an item for later" name="When I save an item for later" time="0"/>
  <testcase classname="Scenario: Save an item for later" name="Then the item is saved" time="0"/>
  <testcase classname="Scenario: Save an item for later" name="Scenario: Save an item for later" time="0.001"/>
  <testcase classname="Scenario: Add an item to the bag" name="Given I have searched for &apos;Yellow T-Shirt&apos; on the Australian store" time="0"/>
  <testcase classname="Scenario: Add an item to the bag" name="When I add an item to the bag" time="0"/>
  <testcase classname="Scenario: Add an item to the bag" name="Then the item is added to the bag" time="0"/>
  <testcase classname="Scenario: Add an item to the bag" name="Scenario: Add an item to the bag" time="0"/>
</testsuite>